# JRE version: OpenJDK Runtime Environment Temurin-17.0.4+8 (17.0.4+8) (build 17.0.4+8)
# Java VM: OpenJDK 64-Bit Server VM Temurin-17.0.4+8 (17.0.4+8, mixed mode, tiered, compressed oops, compressed class ptrs, g1 gc, windows-amd64)
GC Precious Log:
 CPUs: 4 total, 4 available
 Memory: 8097M
 Large Page Support: Disabled
 NUMA Support: Disabled
 Compressed Oops: Enabled (32-bit)
 Heap Region Size: 1M
 Heap Min Capacity: 8M
 Heap Initial Capacity: 128M
 Heap Max Capacity: 2026M
 Pre-touch: Disabled
 Parallel Workers: 4
 Concurrent Workers: 1
 Concurrent Refinement Workers: 4
 Periodic GC: Disabled
Heap:
 garbage-first heap   total 37888K, used 26087K [0x0000000081600000, 0x0000000100000000)
  region size 1024K, 14 young (14336K), 1 survivors (1024K)
 Metaspace       used 31708K, committed 31936K, reserved 1081344K
  class space    used 3478K, committed 3584K, reserved 1048576K
GC Heap History (20 events):
Event: 1.390 GC heap before
{Heap before GC invocations=1 (full 0):
 garbage-first heap   total 131072K, used 17216K [0x0000000081600000, 0x0000000100000000)
  region size 1024K, 13 young (13312K), 2 survivors (2048K)
 Metaspace       used 15144K, committed 15296K, reserved 1064960K
  class space    used 1410K, committed 1472K, reserved 1048576K
}
Event: 1.394 GC heap after
{Heap after GC invocations=2 (full 0):
 garbage-first heap   total 131072K, used 8523K [0x0000000081600000, 0x0000000100000000)
  region size 1024K, 2 young (2048K), 2 survivors (2048K)
 Metaspace       used 15144K, committed 15296K, reserved 1064960K
  class space    used 1410K, committed 1472K, reserved 1048576K
}
Event: 2.128 GC heap before
{Heap before GC invocations=2 (full 0):
 garbage-first heap   total 131072K, used 26955K [0x0000000081600000, 0x0000000100000000)
  region size 1024K, 21 young (21504K), 2 survivors (2048K)
 Metaspace       used 21379K, committed 21504K, reserved 1073152K
  class space    used 2231K, committed 2304K, reserved 1048576K
}
Event: 2.132 GC heap after
{Heap after GC invocations=3 (full 0):
 garbage-first heap   total 131072K, used 9431K [0x0000000081600000, 0x0000000100000000)
  region size 1024K, 3 young (3072K), 3 survivors (3072K)
 Metaspace       used 21379K, committed 21504K, reserved 1073152K
  class space    used 2231K, committed 2304K, reserved 1048576K
}
Event: 2.653 GC heap before
{Heap before GC invocations=4 (full 0):
 garbage-first heap   total 37888K, used 27863K [0x0000000081600000, 0x0000000100000000)
  region size 1024K, 22 young (22528K), 3 survivors (3072K)
 Metaspace       used 24986K, committed 25280K, reserved 1073152K
  class space    used 2615K, committed 2752K, reserved 1048576K
}
Event: 2.660 GC heap after
{Heap after GC invocations=5 (full 0):
 garbage-first heap   total 37888K, used 12850K [0x0000000081600000, 0x0000000100000000)
  region size 1024K, 6 young (6144K), 6 survivors (6144K)
 Metaspace       used 24986K, committed 25280K, reserved 1073152K
  class space    used 2615K, committed 2752K, reserved 1048576K
}
Event: 3.458 GC heap before
{Heap before GC invocations=5 (full 0):
 garbage-first heap   total 37888K, used 23090K [0x0000000081600000, 0x0000000100000000)
  region size 1024K, 17 young (17408K), 6 survivors (6144K)
 Metaspace       used 28031K, committed 28224K, reserved 1081344K
  class space    used 3033K, committed 3136K, reserved 1048576K
}
Event: 3.465 GC heap after
{Heap after GC invocations=6 (full 0):
 garbage-first heap   total 37888K, used 14001K [0x0000000081600000, 0x0000000100000000)
  region size 1024K, 2 young (2048K), 2 survivors (2048K)
 Metaspace       used 28031K, committed 28224K, reserved 1081344K
  class space    used 3033K, committed 3136K, reserved 1048576K
}
Event: 14.104 GC heap before
{Heap before GC invocations=6 (full 0):
 garbage-first heap   total 37888K, used 23217K [0x0000000081600000, 0x0000000100000000)
  region size 1024K, 12 young (12288K), 2 survivors (2048K)
 Metaspace       used 30613K, committed 30848K, reserved 1081344K
  class space    used 3368K, committed 3456K, reserved 1048576K
}
Event: 14.107 GC heap after
{Heap after GC invocations=7 (full 0):
 garbage-first heap   total 37888K, used 14512K [0x0000000081600000, 0x0000000100000000)
  region size 1024K, 2 young (2048K), 2 survivors (2048K)
 Metaspace       used 30613K, committed 30848K, reserved 1081344K
  class space    used 3368K, committed 3456K, reserved 1048576K
}
Event: 15.385 GC heap before
{Heap before GC invocations=7 (full 0):
 garbage-first heap   total 37888K, used 24752K [0x0000000081600000, 0x0000000100000000)
  region size 1024K, 13 young (13312K), 2 survivors (2048K)
 Metaspace       used 31100K, committed 31360K, reserved 1081344K
  class space    used 3437K, committed 3584K, reserved 1048576K
}
Event: 15.388 GC heap after
{Heap after GC invocations=8 (full 0):
 garbage-first heap   total 37888K, used 14819K [0x0000000081600000, 0x0000000100000000)
  region size 1024K, 2 young (2048K), 2 survivors (2048K)
 Metaspace       used 31100K, committed 31360K, reserved 1081344K
  class space    used 3437K, committed 3584K, reserved 1048576K
}
Event: 17.017 GC heap before
{Heap before GC invocations=8 (full 0):
 garbage-first heap   total 37888K, used 25059K [0x0000000081600000, 0x0000000100000000)
  region size 1024K, 13 young (13312K), 2 survivors (2048K)
 Metaspace       used 31136K, committed 31360K, reserved 1081344K
  class space    used 3437K, committed 3584K, reserved 1048576K
}
Event: 17.019 GC heap after
{Heap after GC invocations=9 (full 0):
 garbage-first heap   total 37888K, used 14740K [0x0000000081600000, 0x0000000100000000)
  region size 1024K, 1 young (1024K), 1 survivors (1024K)
 Metaspace       used 31136K, committed 31360K, reserved 1081344K
  class space    used 3437K, committed 3584K, reserved 1048576K
}
Event: 18.401 GC heap before
{Heap before GC invocations=9 (full 0):
 garbage-first heap   total 37888K, used 28052K [0x0000000081600000, 0x0000000100000000)
  region size 1024K, 14 young (14336K), 1 survivors (1024K)
 Metaspace       used 31389K, committed 31616K, reserved 1081344K
  class space    used 3466K, committed 3584K, reserved 1048576K
}
Event: 18.403 GC heap after
{Heap after GC invocations=10 (full 0):
 garbage-first heap   total 37888K, used 14860K [0x0000000081600000, 0x0000000100000000)
  region size 1024K, 2 young (2048K), 2 survivors (2048K)
 Metaspace       used 31389K, committed 31616K, reserved 1081344K
  class space    used 3466K, committed 3584K, reserved 1048576K
}
Event: 32.526 GC heap before
{Heap before GC invocations=10 (full 0):
 garbage-first heap   total 37888K, used 28172K [0x0000000081600000, 0x0000000100000000)
  region size 1024K, 15 young (15360K), 2 survivors (2048K)
 Metaspace       used 31503K, committed 31744K, reserved 1081344K
  class space    used 3470K, committed 3584K, reserved 1048576K
}
Event: 32.528 GC heap after
{Heap after GC invocations=11 (full 0):
 garbage-first heap   total 37888K, used 14898K [0x0000000081600000, 0x0000000100000000)
  region size 1024K, 1 young (1024K), 1 survivors (1024K)
 Metaspace       used 31503K, committed 31744K, reserved 1081344K
  class space    used 3470K, committed 3584K, reserved 1048576K
}
Event: 36.977 GC heap before
{Heap before GC invocations=11 (full 0):
 garbage-first heap   total 37888K, used 28210K [0x0000000081600000, 0x0000000100000000)
  region size 1024K, 15 young (15360K), 1 survivors (1024K)
 Metaspace       used 31628K, committed 31872K, reserved 1081344K
  class space    used 3476K, committed 3584K, reserved 1048576K
}
Event: 36.979 GC heap after
{Heap after GC invocations=12 (full 0):
 garbage-first heap   total 37888K, used 14823K [0x0000000081600000, 0x0000000100000000)
  region size 1024K, 1 young (1024K), 1 survivors (1024K)
 Metaspace       used 31628K, committed 31872K, reserved 1081344K
  class space    used 3476K, committed 3584K, reserved 1048576K
}

