<?xml version="1.0" encoding="UTF-8"?>
<!-- Generated by org.testng.reporters.JUnitXMLReporter -->
<testsuite ignored="0" hostname="DESKTOP-8TF2HVC" failures="1" tests="3" name="Test" time="50.799" errors="0" timestamp="2023-02-15T17:57:45 IST">
  <testcase classname="test.web.AmazonLogin" name="amazonContinue" time="32.636"/>
  <testcase classname="test.web.AmazonLogin" name="amazonSearch" time="1.532">
    <failure type="java.lang.RuntimeException" message="SendKeys with clear on Element is failed: State = isDisplayed Passed: :  by : [[ChromeDriver: chrome on WINDOWS (b1a724bb5dd0aa02d7b182c0abdea6ef)] -&amp;gt; id: twotabsearchtextbox]">
      <![CDATA[java.lang.RuntimeException: SendKeys with clear on Element is failed: State = isDisplayed Passed: :  by : [[ChromeDriver: chrome on WINDOWS (b1a724bb5dd0aa02d7b182c0abdea6ef)] -> id: twotabsearchtextbox]
at driver.WebDriverOperations.sendTextWithClear(WebDriverOperations.java:373)
at page.web.AmazonLoginPage.search(AmazonLoginPage.java:49)
at page.web.AmazonLoginPage.searchMobile(AmazonLoginPage.java:76)
at test.web.AmazonLogin.amazonSearch(AmazonLogin.java:21)
at java.base/java.util.ArrayList.forEach(ArrayList.java:1511)
... Removed 27 stack frames]]>
    </failure>
  </testcase> <!-- amazonSearch -->
  <testcase classname="test.web.AmazonLogin" name="amazonSignIn" time="11.277"/>
</testsuite> <!-- Test -->
