<?xml version="1.0" encoding="UTF-8"?>
<testng-results ignored="0" total="3" passed="2" failed="1" skipped="0">
  <reporter-output>
  </reporter-output>
  <suite started-at="2023-02-15T17:56:54 IST" name="Suite" finished-at="2023-02-15T17:57:45 IST" duration-ms="50799">
    <groups>
    </groups>
    <test started-at="2023-02-15T17:56:54 IST" name="Test" finished-at="2023-02-15T17:57:45 IST" duration-ms="50799">
      <class name="test.web.AmazonLogin">
        <test-method signature="amazonContinue()[pri:0, instance:test.web.AmazonLogin@71329995]" started-at="2023-02-15T17:56:55 IST" name="amazonContinue" finished-at="2023-02-15T17:57:27 IST" duration-ms="32636" status="PASS">
          <reporter-output>
          </reporter-output>
        </test-method> <!-- amazonContinue -->
        <test-method signature="amazonSearch()[pri:0, instance:test.web.AmazonLogin@71329995]" started-at="2023-02-15T17:57:27 IST" name="amazonSearch" finished-at="2023-02-15T17:57:29 IST" duration-ms="1532" status="FAIL">
          <exception class="java.lang.RuntimeException">
            <message>
              <![CDATA[SendKeys with clear on Element is failed: State = isDisplayed Passed: :  by : [[ChromeDriver: chrome on WINDOWS (b1a724bb5dd0aa02d7b182c0abdea6ef)] -> id: twotabsearchtextbox]]]>
            </message>
            <full-stacktrace>
              <![CDATA[java.lang.RuntimeException: SendKeys with clear on Element is failed: State = isDisplayed Passed: :  by : [[ChromeDriver: chrome on WINDOWS (b1a724bb5dd0aa02d7b182c0abdea6ef)] -> id: twotabsearchtextbox]
at driver.WebDriverOperations.sendTextWithClear(WebDriverOperations.java:373)
at page.web.AmazonLoginPage.search(AmazonLoginPage.java:49)
at page.web.AmazonLoginPage.searchMobile(AmazonLoginPage.java:76)
at test.web.AmazonLogin.amazonSearch(AmazonLogin.java:21)
at java.base/jdk.internal.reflect.NativeMethodAccessorImpl.invoke0(Native Method)
at java.base/jdk.internal.reflect.NativeMethodAccessorImpl.invoke(NativeMethodAccessorImpl.java:77)
at java.base/jdk.internal.reflect.DelegatingMethodAccessorImpl.invoke(DelegatingMethodAccessorImpl.java:43)
at java.base/java.lang.reflect.Method.invoke(Method.java:568)
at org.testng.internal.invokers.MethodInvocationHelper.invokeMethod(MethodInvocationHelper.java:135)
at org.testng.internal.invokers.TestInvoker.invokeMethod(TestInvoker.java:673)
at org.testng.internal.invokers.TestInvoker.invokeTestMethod(TestInvoker.java:220)
at org.testng.internal.invokers.MethodRunner.runInSequence(MethodRunner.java:50)
at org.testng.internal.invokers.TestInvoker$MethodInvocationAgent.invoke(TestInvoker.java:945)
at org.testng.internal.invokers.TestInvoker.invokeTestMethods(TestInvoker.java:193)
at org.testng.internal.invokers.TestMethodWorker.invokeTestMethods(TestMethodWorker.java:146)
at org.testng.internal.invokers.TestMethodWorker.run(TestMethodWorker.java:128)
at java.base/java.util.ArrayList.forEach(ArrayList.java:1511)
at org.testng.TestRunner.privateRun(TestRunner.java:808)
at org.testng.TestRunner.run(TestRunner.java:603)
at org.testng.SuiteRunner.runTest(SuiteRunner.java:429)
at org.testng.SuiteRunner.runSequentially(SuiteRunner.java:423)
at org.testng.SuiteRunner.privateRun(SuiteRunner.java:383)
at org.testng.SuiteRunner.run(SuiteRunner.java:326)
at org.testng.SuiteRunnerWorker.runSuite(SuiteRunnerWorker.java:52)
at org.testng.SuiteRunnerWorker.run(SuiteRunnerWorker.java:95)
at org.testng.TestNG.runSuitesSequentially(TestNG.java:1249)
at org.testng.TestNG.runSuitesLocally(TestNG.java:1169)
at org.testng.TestNG.runSuites(TestNG.java:1092)
at org.testng.TestNG.run(TestNG.java:1060)
at org.testng.remote.AbstractRemoteTestNG.run(AbstractRemoteTestNG.java:115)
at org.testng.remote.RemoteTestNG.initAndRun(RemoteTestNG.java:251)
at org.testng.remote.RemoteTestNG.main(RemoteTestNG.java:77)
]]>
            </full-stacktrace>
          </exception> <!-- java.lang.RuntimeException -->
          <reporter-output>
          </reporter-output>
        </test-method> <!-- amazonSearch -->
        <test-method signature="amazonSignIn()[pri:0, instance:test.web.AmazonLogin@71329995]" started-at="2023-02-15T17:57:34 IST" name="amazonSignIn" finished-at="2023-02-15T17:57:45 IST" duration-ms="11277" status="PASS">
          <reporter-output>
          </reporter-output>
        </test-method> <!-- amazonSignIn -->
      </class> <!-- test.web.AmazonLogin -->
    </test> <!-- Test -->
  </suite> <!-- Suite -->
</testng-results>
